<?xml version="1.0" encoding="UTF-8"?>
<testsuite xmlns:xsi="http://www.w3.org/2001/XMLSchema-instance" xsi:noNamespaceSchemaLocation="https://maven.apache.org/surefire/maven-surefire-plugin/xsd/surefire-test-report.xsd" version="3.0.2" name="com.gestion.invoice.JwtApplicationTests" time="13.942" tests="1" errors="0" skipped="0" failures="0">
  <properties>
[...]
</properties>
  <testcase name="contextLoads" classname="com.gestion.invoice.JwtApplicationTests" time="0.57">
    <system-out><![CDATA[21:26:44.762 [main] INFO org.springframework.test.context.support.AnnotationConfigContextLoaderUtils -- Could not detect default configuration classes for test class [com.gestion.invoice.JwtApplicationTests]: JwtApplicationTests does not declare any static, non-private, non-final, nested classes annotated with @Configuration.
21:26:44.994 [main] INFO org.springframework.boot.test.context.SpringBootTestContextBootstrapper -- Found @SpringBootConfiguration com.gestion.invoice.PharmaciesApplication for test class com.gestion.invoice.JwtApplicationTests
21:26:45.309 [main] INFO org.springframework.boot.devtools.restart.RestartApplicationListener -- Restart disabled due to context in which it is running

  .   ____          _            __ _ _
 /\\ / ___'_ __ _ _(_)_ __  __ _ \ \ \ \
( ( )\___ | '_ | '_| | '_ \/ _` | \ \ \ \
 \\/  ___)| |_)| | | | | || (_| |  ) ) ) )
  '  |____| .__|_| |_|_| |_\__, | / / / /
 =========|_|==============|___/=/_/_/_/

 :: Spring Boot ::                (v3.5.6)

2026-03-29T21:26:45.890+01:00  INFO 31994 --- [Pharmacies] [           main] c.gestion.invoice.JwtApplicationTests    : Starting JwtApplicationTests using Java 17.0.18 with PID 31994 (started by thierry in /home/thierry/Clients/fullstock/Backend)
2026-03-29T21:26:45.892+01:00 DEBUG 31994 --- [Pharmacies] [           main] c.gestion.invoice.JwtApplicationTests    : Running with Spring Boot v3.5.6, Spring v6.2.11
2026-03-29T21:26:45.894+01:00  INFO 31994 --- [Pharmacies] [           main] c.gestion.invoice.JwtApplicationTests    : No active profile set, falling back to 1 default profile: "default"
2026-03-29T21:26:45.967+01:00 DEBUG 31994 --- [Pharmacies] [           main] o.s.w.c.s.GenericWebApplicationContext   : Refreshing org.springframework.web.context.support.GenericWebApplicationContext@678040b3
2026-03-29T21:26:47.310+01:00  INFO 31994 --- [Pharmacies] [           main] .s.d.r.c.RepositoryConfigurationDelegate : Bootstrapping Spring Data JPA repositories in DEFAULT mode.
2026-03-29T21:26:47.479+01:00  INFO 31994 --- [Pharmacies] [           main] .s.d.r.c.RepositoryConfigurationDelegate : Finished Spring Data repository scanning in 154 ms. Found 13 JPA repository interfaces.
2026-03-29T21:26:48.483+01:00  INFO 31994 --- [Pharmacies] [           main] o.hibernate.jpa.internal.util.LogHelper  : HHH000204: Processing PersistenceUnitInfo [name: default]
2026-03-29T21:26:48.609+01:00  INFO 31994 --- [Pharmacies] [           main] org.hibernate.Version                    : HHH000412: Hibernate ORM core version 6.6.29.Final
2026-03-29T21:26:48.702+01:00  INFO 31994 --- [Pharmacies] [           main] o.h.c.internal.RegionFactoryInitiator    : HHH000026: Second-level cache disabled
2026-03-29T21:26:49.245+01:00  INFO 31994 --- [Pharmacies] [           main] o.s.o.j.p.SpringPersistenceUnitInfo      : No LoadTimeWeaver setup: ignoring JPA class transformer
2026-03-29T21:26:49.304+01:00  INFO 31994 --- [Pharmacies] [           main] com.zaxxer.hikari.HikariDataSource       : HikariPool-1 - Starting...
2026-03-29T21:26:49.613+01:00  INFO 31994 --- [Pharmacies] [           main] com.zaxxer.hikari.pool.HikariPool        : HikariPool-1 - Added connection com.mysql.cj.jdbc.ConnectionImpl@61c5fd78
2026-03-29T21:26:49.616+01:00  INFO 31994 --- [Pharmacies] [           main] com.zaxxer.hikari.HikariDataSource       : HikariPool-1 - Start completed.
2026-03-29T21:26:49.711+01:00  WARN 31994 --- [Pharmacies] [           main] org.hibernate.dialect.Dialect            : HHH000511: The 5.5.5 version for [org.hibernate.dialect.MySQLDialect] is no longer supported, hence certain features may not work properly. The minimum supported version is 8.0.0. Check the community dialects project for available legacy versions.
2026-03-29T21:26:49.751+01:00  INFO 31994 --- [Pharmacies] [           main] org.hibernate.orm.connections.pooling    : HHH10001005: Database info:
	Database JDBC URL [Connecting through datasource 'HikariDataSource (HikariPool-1)']
	Database driver: undefined/unknown
	Database version: 5.5.5
	Autocommit mode: undefined/unknown
	Isolation level: undefined/unknown
	Minimum pool size: undefined/unknown
	Maximum pool size: undefined/unknown
2026-03-29T21:26:51.790+01:00  INFO 31994 --- [Pharmacies] [           main] o.h.e.t.j.p.i.JtaPlatformInitiator       : HHH000489: No JTA platform available (set 'hibernate.transaction.jta.platform' to enable JTA platform integration)
2026-03-29T21:26:51.984+01:00  INFO 31994 --- [Pharmacies] [           main] j.LocalContainerEntityManagerFactoryBean : Initialized JPA EntityManagerFactory for persistence unit 'default'
2026-03-29T21:26:52.647+01:00  INFO 31994 --- [Pharmacies] [           main] o.s.d.j.r.query.QueryEnhancerFactory     : Hibernate is in classpath; If applicable, HQL parser will be used.
2026-03-29T21:26:56.133+01:00  INFO 31994 --- [Pharmacies] [           main] r$InitializeUserDetailsManagerConfigurer : Global AuthenticationManager configured with UserDetailsService bean with name userDetailsService
2026-03-29T21:26:56.176+01:00  WARN 31994 --- [Pharmacies] [           main] JpaBaseConfiguration$JpaWebConfiguration : spring.jpa.open-in-view is enabled by default. Therefore, database queries may be performed during view rendering. Explicitly configure spring.jpa.open-in-view to disable this warning
2026-03-29T21:26:56.468+01:00  INFO 31994 --- [Pharmacies] [           main] o.s.b.a.w.s.WelcomePageHandlerMapping    : Adding welcome page: class path resource [static/index.html]
2026-03-29T21:26:56.538+01:00 TRACE 31994 --- [Pharmacies] [           main] s.w.s.m.m.a.RequestMappingHandlerMapping : 
	c.g.i.c.CategorieController:
	{POST [/api/v1/categorie/add]}: addCategorie(CategorieProduit)
	{GET [/api/v1/categorie/all]}: allCategories()
	{PUT [/api/v1/categorie/update/{id}]}: updateCategorie(Long,CategorieProduit)
	{DELETE [/api/v1/categorie/delete/{id}]}: deleteCategorie(Long)
2026-03-29T21:26:56.553+01:00 TRACE 31994 --- [Pharmacies] [           main] s.w.s.m.m.a.RequestMappingHandlerMapping : 
	c.g.i.c.ClientController:
	{POST [/api/v1/client/add]}: addClient(Client)
	{PUT [/api/v1/client/update/{id}]}: updateClient(Long,Client)
	{DELETE [/api/v1/client/delete/{id}]}: deleteClient(Long)
	{GET [/api/v1/client/all]}: getAllClients()
2026-03-29T21:26:56.557+01:00 TRACE 31994 --- [Pharmacies] [           main] s.w.s.m.m.a.RequestMappingHandlerMapping : 
	c.g.i.c.CpteTicketsController:
	{GET [/api/v1/compteurticket]}: generateTk()
2026-03-29T21:26:56.564+01:00 TRACE 31994 --- [Pharmacies] [           main] s.w.s.m.m.a.RequestMappingHandlerMapping : 
	c.g.i.c.DetailsVenteController:
	{PUT [/api/v1/detailsticket/update/{id}]}: updateDetailsTicket(Long,DetailsVentes)
	{POST [/api/v1/detailsticket/add]}: addDetailsTicket(DetailsVentes)
	{DELETE [/api/v1/detailsticket/delete/{id}]}: deleteDetailsTicket(Long)
	{PUT [/api/v1/detailsticket/disable/{produitId}/{ticketCode}]}: deleteDetailsTicketByProduit(Long,String)
	{PUT [/api/v1/detailsticket/finaliser/{codeTicket}]}: finaliserTicket(String,FinaliserTicketDTO)
	{GET [/api/v1/detailsticket/all]}: allDetailsTickets()
2026-03-29T21:26:56.574+01:00 TRACE 31994 --- [Pharmacies] [           main] s.w.s.m.m.a.RequestMappingHandlerMapping : 
	c.g.i.c.EntreeStockController:
	{GET [/api/v1/entree-stock/search]}: searchEntrees(String,Pageable)
	{POST [/api/v1/entree-stock/add]}: addEntreeStock(EntreeStock)
	{GET [/api/v1/entree-stock/all]}: allEntrees()
	{GET [/api/v1/entree-stock]}: allEntrees(Pageable)
	{PUT [/api/v1/entree-stock/update/{id}]}: updateEntreeStock(Long,EntreeStock)
	{DELETE [/api/v1/entree-stock/delete/{id}]}: deleteEntreeStock(Long)
2026-03-29T21:26:56.585+01:00 TRACE 31994 --- [Pharmacies] [           main] s.w.s.m.m.a.RequestMappingHandlerMapping : 
	c.g.i.c.FournisseurController:
	{POST [/api/v1/fournisseur/add]}: addFournisseur(Fournisseur)
	{PUT [/api/v1/fournisseur/update/{id}]}: updateFournisseur(Long,Fournisseur)
	{DELETE [/api/v1/fournisseur/delete/{id}]}: deleteFournisseur(Long)
	{GET [/api/v1/fournisseur/all]}: allFournisseurs()
2026-03-29T21:26:56.590+01:00 TRACE 31994 --- [Pharmacies] [           main] s.w.s.m.m.a.RequestMappingHandlerMapping : 
	c.g.i.c.MesVenteController:
	{GET [/api/v1/mesventes/actives]}: getVentesActives(String,Long,String,String,int,int)
	{GET [/api/v1/mesventes/jour/by-phone/{phone}]}: getVentesDuJourByPhone(String)
	{POST [/api/v1/mesventes/annuler/{id}]}: annulerVente(Long)
2026-03-29T21:26:56.596+01:00 TRACE 31994 --- [Pharmacies] [           main] s.w.s.m.m.a.RequestMappingHandlerMapping : 
	c.g.i.c.NomProduitController:
	{GET [/api/v1/nomproduit/all]}: allNomProduits()
	{POST [/api/v1/nomproduit/add]}: addNomProduit(NomProduit)
	{PUT [/api/v1/nomproduit/{id}]}: updateNomProduit(Long,NomProduit)
	{DELETE [/api/v1/nomproduit/{id}]}: deleteNomProduit(Long)
	{GET [/api/v1/nomproduit/search]}: searchNomProduit(String)
	{GET [/api/v1/nomproduit/{id}]}: getNomProduit(Long)
2026-03-29T21:26:56.600+01:00 TRACE 31994 --- [Pharmacies] [           main] s.w.s.m.m.a.RequestMappingHandlerMapping : 
	c.g.i.c.PresentationController:
	{POST [/api/v1/presentation/add]}: create(Presentation)
	{GET [/api/v1/presentation/all]}: getAll()
	{PUT [/api/v1/presentation/{id}]}: updatePresentation(Long,Presentation)
	{DELETE [/api/v1/presentation/{id}]}: deletePresentation(Long)
2026-03-29T21:26:56.605+01:00 TRACE 31994 --- [Pharmacies] [           main] s.w.s.m.m.a.RequestMappingHandlerMapping : 
	c.g.i.c.ProduitController:
	{POST [/api/v1/produit/add]}: addProduit(Produit)
	{PUT [/api/v1/produit/update/{id}]}: updateProduit(Long,Produit)
	{DELETE [/api/v1/produit/delete/{id}]}: deleteProduit(Long)
	{GET [/api/v1/produit/search]}: searchProduits(String,Pageable)
	{GET [/api/v1/produit/all]}: allProduits()
	{GET [/api/v1/produit]}: allProduits(Pageable)
	{GET [/api/v1/produit/stats/{produitId}]}: getProduitStats(Long)
2026-03-29T21:26:56.610+01:00 TRACE 31994 --- [Pharmacies] [           main] s.w.s.m.m.a.RequestMappingHandlerMapping : 
	c.g.i.c.RecuPdfController:
	{GET [/api/v1/tickets/{codeTicket}/pdf]}: getOrCreatePdf(String)
	{GET [/api/v1/tickets/recu/all]}: getAllRecus(int,int)
	{DELETE [/api/v1/tickets/recu/{codeTicket}]}: deleteRecu(String)
2026-03-29T21:26:56.614+01:00 TRACE 31994 --- [Pharmacies] [           main] s.w.s.m.m.a.RequestMappingHandlerMapping : 
	c.g.i.c.UserController:
	{POST [/api/v1/users/auth/login]}: login(Map,HttpServletRequest)
	{POST [/api/v1/users]}: addUser(AppUser)
	{POST [/api/v1/users/roles]}: addRole(AppRole)
	{PUT [/api/v1/users/{telephone}]}: updateUser(String,AppUser)
	{POST [/api/v1/users/auth/change-password]}: changePassword(Map)
	{GET [/api/v1/users]}: getAllUsers()
	{POST [/api/v1/users/addRoleToUser]}: addRoleToUser(UserToRole)
2026-03-29T21:26:56.619+01:00 TRACE 31994 --- [Pharmacies] [           main] s.w.s.m.m.a.RequestMappingHandlerMapping : 
	c.g.i.c.VenteController:
	{PUT [/api/v1/ticket/update/{id}]}: updateTicket(Long,Vente)
	{DELETE [/api/v1/ticket/delete/{id}]}: deleteTicket(Long)
	{POST [/api/v1/ticket/create]}: createTicket(VenteCreateDTO)
	{GET [/api/v1/ticket/all]}: allTickets()
	{GET [/api/v1/ticket]}: allTickets(Pageable)
	{GET [/api/v1/ticket/find/{code}]}: findByCode(String)
2026-03-29T21:26:56.627+01:00 TRACE 31994 --- [Pharmacies] [           main] s.w.s.m.m.a.RequestMappingHandlerMapping : 
	o.s.b.a.w.s.e.BasicErrorController:
	{ [/error]}: error(HttpServletRequest)
	{ [/error], produces [text/html]}: errorHtml(HttpServletRequest,HttpServletResponse)
2026-03-29T21:26:56.632+01:00 DEBUG 31994 --- [Pharmacies] [           main] s.w.s.m.m.a.RequestMappingHandlerMapping : 63 mappings in 'requestMappingHandlerMapping'
2026-03-29T21:26:56.671+01:00 DEBUG 31994 --- [Pharmacies] [           main] o.s.w.s.h.BeanNameUrlHandlerMapping      : Detected 0 mappings in 'beanNameHandlerMapping'
2026-03-29T21:26:56.900+01:00 TRACE 31994 --- [Pharmacies] [           main] o.s.w.s.f.support.RouterFunctionMapping  : 0 RouterFunction(s) in 'routerFunctionMapping'
2026-03-29T21:26:56.928+01:00 TRACE 31994 --- [Pharmacies] [           main] o.s.w.s.handler.SimpleUrlHandlerMapping  : Mapped [/webjars/**] onto ResourceHttpRequestHandler [classpath [META-INF/resources/webjars/]]
2026-03-29T21:26:56.929+01:00 TRACE 31994 --- [Pharmacies] [           main] o.s.w.s.handler.SimpleUrlHandlerMapping  : Mapped [/**] onto ResourceHttpRequestHandler [classpath [META-INF/resources/], classpath [resources/], classpath [static/], classpath [public/], ServletContext [/]]
2026-03-29T21:26:56.930+01:00 DEBUG 31994 --- [Pharmacies] [           main] o.s.w.s.handler.SimpleUrlHandlerMapping  : Patterns [/webjars/**, /**] in 'resourceHandlerMapping'
2026-03-29T21:26:57.309+01:00 DEBUG 31994 --- [Pharmacies] [           main] s.w.s.m.m.a.RequestMappingHandlerAdapter : ControllerAdvice beans: 0 @ModelAttribute, 0 @InitBinder, 1 RequestBodyAdvice, 1 ResponseBodyAdvice
2026-03-29T21:26:57.406+01:00  WARN 31994 --- [Pharmacies] [           main] ion$DefaultTemplateResolverConfiguration : Cannot find template location: classpath:/templates/ (please add some templates, check your Thymeleaf configuration, or set spring.thymeleaf.check-template-location=false)
2026-03-29T21:26:57.485+01:00 DEBUG 31994 --- [Pharmacies] [           main] .m.m.a.ExceptionHandlerExceptionResolver : ControllerAdvice beans: 1 @ExceptionHandler, 1 ResponseBodyAdvice
2026-03-29T21:26:57.806+01:00  INFO 31994 --- [Pharmacies] [           main] c.gestion.invoice.JwtApplicationTests    : Started JwtApplicationTests in 12.518 seconds (process running for 14.251)
]]></system-out>
  </testcase>
</testsuite>